[debug] [2026-03-08T18:03:13.619Z] ----------------------------------------------------------------------
[debug] [2026-03-08T18:03:13.621Z] Command:       C:\Program Files\nodejs\node.exe C:\Users\kucze\AppData\Roaming\npm\node_modules\firebase-tools\lib\bin\firebase.js apphosting:rollouts:create auction-plat-backend --project auctionplat-58ded
[debug] [2026-03-08T18:03:13.621Z] CLI Version:   15.9.0
[debug] [2026-03-08T18:03:13.621Z] Platform:      win32
[debug] [2026-03-08T18:03:13.621Z] Node Version:  v24.13.0
[debug] [2026-03-08T18:03:13.621Z] Time:          Sun Mar 08 2026 19:03:13 GMT+0100 (czas środkowoeuropejski standardowy)
[debug] [2026-03-08T18:03:13.621Z] ----------------------------------------------------------------------
[debug] 
[debug] [2026-03-08T18:03:13.644Z] > command requires scopes: ["email","openid","https://www.googleapis.com/auth/cloudplatformprojects.readonly","https://www.googleapis.com/auth/firebase","https://www.googleapis.com/auth/cloud-platform"]
[debug] [2026-03-08T18:03:13.644Z] > authorizing via signed-in user (kamil.kuczerowski26@gmail.com)
[debug] [2026-03-08T18:03:13.645Z] Checked if tokens are valid: true, expires at: 1772995372078
[debug] [2026-03-08T18:03:13.645Z] Checked if tokens are valid: true, expires at: 1772995372078
[debug] [2026-03-08T18:03:13.646Z] >>> [apiv2][query] GET https://firebaseapphosting.googleapis.com/v1beta/projects/auctionplat-58ded/locations/-/backends 
[debug] [2026-03-08T18:03:14.757Z] <<< [apiv2][status] GET https://firebaseapphosting.googleapis.com/v1beta/projects/auctionplat-58ded/locations/-/backends 200
[debug] [2026-03-08T18:03:14.757Z] <<< [apiv2][body] GET https://firebaseapphosting.googleapis.com/v1beta/projects/auctionplat-58ded/locations/-/backends {"backends":[{"name":"projects/auctionplat-58ded/locations/us-central1/backends/auction-plat-backend","createTime":"2026-03-08T16:58:19.959249791Z","updateTime":"2026-03-08T17:57:13.347034Z","labels":{"deployment-tool":"cli-firebase"},"uri":"auction-plat-backend--auctionplat-58ded.us-central1.hosted.app","managedResources":[{"runService":{"service":"projects/1076427604470/locations/us-central1/services/auction-plat-backend"}}],"codebase":{"repository":"projects/auctionplat-58ded/locations/us-central1/connections/apphosting-github-conn-3l2pvsmt/gitRepositoryLinks/Kucze3205-AuPlat","rootDirectory":"/server/"},"uid":"b5b153fd-4dfd-4dc7-b9d9-b26d15f63c3b","etag":"DSb5Up_KrKuFII8KEsP4N-EJFEzrDHq38cGmailgnFA","reconciling":false,"servingLocality":"GLOBAL_ACCESS","serviceAccount":"firebase-app-hosting-compute@auctionplat-58ded.iam.gserviceaccount.com","appId":"1:1076427604470:web:71bc6ffdbfa086b1de47d7","overrideEnv":[{"variable":"JWT_SECRET","value":"09bb4a967ca992d63b50505902567d3e478c4a7bec6b7e17f421d2683fbd6ba88e4a1b4e45177533e3da9fc9220e2eec26a4d4ad6a80d511c3fe7be0ff717ef7"}]}]}
[debug] [2026-03-08T18:03:14.758Z] Checked if tokens are valid: true, expires at: 1772995372078
[debug] [2026-03-08T18:03:14.758Z] Checked if tokens are valid: true, expires at: 1772995372078
[debug] [2026-03-08T18:03:14.758Z] >>> [apiv2][query] GET https://developerconnect.googleapis.com/v1/projects/auctionplat-58ded/locations/us-central1/connections/apphosting-github-conn-3l2pvsmt/gitRepositoryLinks/Kucze3205-AuPlat [none]
[debug] [2026-03-08T18:03:15.597Z] <<< [apiv2][status] GET https://developerconnect.googleapis.com/v1/projects/auctionplat-58ded/locations/us-central1/connections/apphosting-github-conn-3l2pvsmt/gitRepositoryLinks/Kucze3205-AuPlat 200
[debug] [2026-03-08T18:03:15.597Z] <<< [apiv2][body] GET https://developerconnect.googleapis.com/v1/projects/auctionplat-58ded/locations/us-central1/connections/apphosting-github-conn-3l2pvsmt/gitRepositoryLinks/Kucze3205-AuPlat {"name":"projects/auctionplat-58ded/locations/us-central1/connections/apphosting-github-conn-3l2pvsmt/gitRepositoryLinks/Kucze3205-AuPlat","cloneUri":"https://github.com/Kucze3205/AuPlat.git","createTime":"2026-03-08T16:53:06.275520145Z","updateTime":"2026-03-08T16:53:06.725888567Z"}
[debug] [2026-03-08T18:03:15.597Z] Checked if tokens are valid: true, expires at: 1772995372078
[debug] [2026-03-08T18:03:15.597Z] Checked if tokens are valid: true, expires at: 1772995372078
[debug] [2026-03-08T18:03:15.597Z] >>> [apiv2][query] POST https://developerconnect.googleapis.com/v1/projects/auctionplat-58ded/locations/us-central1/connections/apphosting-github-conn-3l2pvsmt/gitRepositoryLinks/Kucze3205-AuPlat:fetchReadToken [none]
[debug] [2026-03-08T18:03:15.819Z] <<< [apiv2][status] POST https://developerconnect.googleapis.com/v1/projects/auctionplat-58ded/locations/us-central1/connections/apphosting-github-conn-3l2pvsmt/gitRepositoryLinks/Kucze3205-AuPlat:fetchReadToken 200
[debug] [2026-03-08T18:03:15.819Z] <<< [apiv2][body] POST https://developerconnect.googleapis.com/v1/projects/auctionplat-58ded/locations/us-central1/connections/apphosting-github-conn-3l2pvsmt/gitRepositoryLinks/Kucze3205-AuPlat:fetchReadToken {"token":"ghs_n2Gt2xmDHEw8xqXylxVzUzNRu8FUhP0vvwG8","expirationTime":"2026-03-08T18:46:36Z","gitUsername":"x-access-token"}
[debug] [2026-03-08T18:03:15.819Z] Checked if tokens are valid: true, expires at: 1772995372078
[debug] [2026-03-08T18:03:15.819Z] Checked if tokens are valid: true, expires at: 1772995372078
[debug] [2026-03-08T18:03:15.819Z] >>> [apiv2][query] GET https://developerconnect.googleapis.com/v1/projects/auctionplat-58ded/locations/us-central1/connections/apphosting-github-conn-3l2pvsmt/gitRepositoryLinks/Kucze3205-AuPlat:fetchGitRefs refType=BRANCH&pageSize=1000&pageToken=
[debug] [2026-03-08T18:03:16.284Z] <<< [apiv2][status] GET https://developerconnect.googleapis.com/v1/projects/auctionplat-58ded/locations/us-central1/connections/apphosting-github-conn-3l2pvsmt/gitRepositoryLinks/Kucze3205-AuPlat:fetchGitRefs 200
[debug] [2026-03-08T18:03:16.284Z] <<< [apiv2][body] GET https://developerconnect.googleapis.com/v1/projects/auctionplat-58ded/locations/us-central1/connections/apphosting-github-conn-3l2pvsmt/gitRepositoryLinks/Kucze3205-AuPlat:fetchGitRefs {"refNames":["master"]}
